Using pre-set license
Built from '2020.3/release' branch; Version is '2020.3.7f1 (dd97f2c94397) revision 14522354'; Using compiler version '192528614'; Build Type 'Release'
OS: 'Windows 10 Pro; OS build 19044.1586; Version 2009; 64bit' Language: 'en' Physical Memory: 15817 MB
BatchMode: 1, IsHumanControllingUs: 0, StartBugReporterOnCrash: 0, Is64bit: 1, IsPro: 0

 COMMAND LINE ARGUMENTS:
C:\Unity Editors\2020.3.7f1\Editor\Unity.exe
-adb2
-batchMode
-noUpm
-name
AssetImportWorker0
-projectPath
C:/Users/Connor/Desktop/Projects/efficax-game/Efficax
-logFile
Logs/AssetImportWorker0.log
-srvPort
58881
Successfully changed project path to: C:/Users/Connor/Desktop/Projects/efficax-game/Efficax
C:/Users/Connor/Desktop/Projects/efficax-game/Efficax
Using Asset Import Pipeline V2.
Refreshing native plugins compatible for Editor in 421.84 ms, found 1 plugins.
Preloading 0 native plugins for Editor in 0.00 ms.
Initialize engine version: 2020.3.7f1 (dd97f2c94397)
[Subsystems] Discovering subsystems at path C:/Unity Editors/2020.3.7f1/Editor/Data/Resources/UnitySubsystems
[Subsystems] Discovering subsystems at path C:/Users/Connor/Desktop/Projects/efficax-game/Efficax/Assets
GfxDevice: creating device client; threaded=0
Direct3D:
    Version:  Direct3D 11.0 [level 11.1]
    Renderer: Intel(R) HD Graphics 4600 (ID=0x416)
    Vendor:   
    VRAM:     2048 MB
    Driver:   20.19.15.5126
Initialize mono
Mono path[0] = 'C:/Unity Editors/2020.3.7f1/Editor/Data/Managed'
Mono path[1] = 'C:/Unity Editors/2020.3.7f1/Editor/Data/MonoBleedingEdge/lib/mono/unityjit'
Mono config path = 'C:/Unity Editors/2020.3.7f1/Editor/Data/MonoBleedingEdge/etc'
Using monoOptions --debugger-agent=transport=dt_socket,embedding=1,server=y,suspend=n,address=127.0.0.1:56376
Begin MonoManager ReloadAssembly
Registering precompiled unity dll's ...
Register platform support module: C:/Unity Editors/2020.3.7f1/Editor/Data/PlaybackEngines/WindowsStandaloneSupport/UnityEditor.WindowsStandalone.Extensions.dll
Registered in 0.004415 seconds.
Native extension for WindowsStandalone target not found
Refreshing native plugins compatible for Editor in 67.01 ms, found 1 plugins.
Preloading 0 native plugins for Editor in 0.00 ms.
Mono: successfully reloaded assembly
- Completed reload, in  4.312 seconds
Platform modules already initialized, skipping
Registering precompiled user dll's ...
Registered in 0.001381 seconds.
Begin MonoManager ReloadAssembly
Native extension for WindowsStandalone target not found
Refreshing native plugins compatible for Editor in 163.62 ms, found 1 plugins.
Preloading 0 native plugins for Editor in 0.00 ms.
Mono: successfully reloaded assembly
- Completed reload, in  1.906 seconds
Platform modules already initialized, skipping
========================================================================
Worker process is ready to serve import requests
Launched and connected shader compiler UnityShaderCompiler.exe after 0.06 seconds
Refreshing native plugins compatible for Editor in 0.88 ms, found 1 plugins.
Preloading 0 native plugins for Editor in 0.00 ms.
Unloading 1810 Unused Serialized files (Serialized files now loaded: 0)
System memory in use before: 85.0 MB.
System memory in use after: 84.9 MB.

Unloading 24 unused Assets to reduce memory usage. Loaded Objects now: 2252.
Total: 3.816200 ms (FindLiveObjects: 0.819400 ms CreateObjectMapping: 0.312000 ms MarkObjects: 2.489300 ms  DeleteObjects: 0.193600 ms)

========================================================================
Received Import Request.
  path: Assets/Scripts/TcpClient.cs
  artifactKey: Guid(8d8e5fceccb0b694495ffbd11222f841) Importer(815301076,1909f56bfc062723c751e8b465ee728b)
Start importing Assets/Scripts/TcpClient.cs using Guid(8d8e5fceccb0b694495ffbd11222f841) Importer(815301076,1909f56bfc062723c751e8b465ee728b)  -> (artifact id: 'e6f2f11b7be3aef913c5961068c02694') in 0.051387 seconds
  Import took 0.056756 seconds .

========================================================================
Received Prepare
Registering precompiled user dll's ...
Registered in 0.002160 seconds.
Begin MonoManager ReloadAssembly
Native extension for WindowsStandalone target not found
Refreshing native plugins compatible for Editor in 0.89 ms, found 1 plugins.
Preloading 0 native plugins for Editor in 0.01 ms.
Mono: successfully reloaded assembly
- Completed reload, in  2.751 seconds
Platform modules already initialized, skipping
Refreshing native plugins compatible for Editor in 1.00 ms, found 1 plugins.
Preloading 0 native plugins for Editor in 0.00 ms.
Unloading 1806 Unused Serialized files (Serialized files now loaded: 0)
System memory in use before: 85.0 MB.
System memory in use after: 84.9 MB.

Unloading 12 unused Assets to reduce memory usage. Loaded Objects now: 2257.
Total: 5.425000 ms (FindLiveObjects: 1.408700 ms CreateObjectMapping: 0.214800 ms MarkObjects: 3.648200 ms  DeleteObjects: 0.151400 ms)

========================================================================
Received Prepare
Registering precompiled user dll's ...
Registered in 0.002232 seconds.
Begin MonoManager ReloadAssembly
Native extension for WindowsStandalone target not found
Refreshing native plugins compatible for Editor in 0.48 ms, found 1 plugins.
Preloading 0 native plugins for Editor in 0.00 ms.
Mono: successfully reloaded assembly
- Completed reload, in  2.133 seconds
Platform modules already initialized, skipping
Refreshing native plugins compatible for Editor in 0.76 ms, found 1 plugins.
Preloading 0 native plugins for Editor in 0.00 ms.
Unloading 1806 Unused Serialized files (Serialized files now loaded: 0)
System memory in use before: 85.0 MB.
System memory in use after: 85.0 MB.

Unloading 12 unused Assets to reduce memory usage. Loaded Objects now: 2261.
Total: 4.807900 ms (FindLiveObjects: 0.455700 ms CreateObjectMapping: 0.417800 ms MarkObjects: 3.742300 ms  DeleteObjects: 0.190000 ms)

========================================================================
Received Prepare
Registering precompiled user dll's ...
Registered in 0.002472 seconds.
Begin MonoManager ReloadAssembly
Native extension for WindowsStandalone target not found
Refreshing native plugins compatible for Editor in 0.48 ms, found 1 plugins.
Preloading 0 native plugins for Editor in 0.00 ms.
Mono: successfully reloaded assembly
- Completed reload, in  1.306 seconds
Platform modules already initialized, skipping
Refreshing native plugins compatible for Editor in 1.12 ms, found 1 plugins.
Preloading 0 native plugins for Editor in 0.00 ms.
Unloading 1806 Unused Serialized files (Serialized files now loaded: 0)
System memory in use before: 85.0 MB.
System memory in use after: 85.0 MB.

Unloading 12 unused Assets to reduce memory usage. Loaded Objects now: 2265.
Total: 3.457800 ms (FindLiveObjects: 0.410900 ms CreateObjectMapping: 0.236800 ms MarkObjects: 2.657900 ms  DeleteObjects: 0.151100 ms)

========================================================================
Received Prepare
Registering precompiled user dll's ...
Registered in 0.002897 seconds.
Begin MonoManager ReloadAssembly
Native extension for WindowsStandalone target not found
Refreshing native plugins compatible for Editor in 0.52 ms, found 1 plugins.
Preloading 0 native plugins for Editor in 0.00 ms.
Mono: successfully reloaded assembly
- Completed reload, in  1.899 seconds
Platform modules already initialized, skipping
Refreshing native plugins compatible for Editor in 0.79 ms, found 1 plugins.
Preloading 0 native plugins for Editor in 0.00 ms.
Unloading 1806 Unused Serialized files (Serialized files now loaded: 0)
System memory in use before: 85.1 MB.
System memory in use after: 85.0 MB.

Unloading 12 unused Assets to reduce memory usage. Loaded Objects now: 2269.
Total: 4.461500 ms (FindLiveObjects: 0.356500 ms CreateObjectMapping: 0.127800 ms MarkObjects: 3.816400 ms  DeleteObjects: 0.159200 ms)

========================================================================
Received Prepare
Registering precompiled user dll's ...
Registered in 0.005026 seconds.
Begin MonoManager ReloadAssembly
Native extension for WindowsStandalone target not found
Refreshing native plugins compatible for Editor in 0.47 ms, found 1 plugins.
Preloading 0 native plugins for Editor in 0.00 ms.
Mono: successfully reloaded assembly
- Completed reload, in  1.598 seconds
Platform modules already initialized, skipping
Refreshing native plugins compatible for Editor in 1.05 ms, found 1 plugins.
Preloading 0 native plugins for Editor in 0.00 ms.
Unloading 1806 Unused Serialized files (Serialized files now loaded: 0)
System memory in use before: 85.1 MB.
System memory in use after: 85.0 MB.

Unloading 12 unused Assets to reduce memory usage. Loaded Objects now: 2273.
Total: 5.308700 ms (FindLiveObjects: 0.324900 ms CreateObjectMapping: 0.512900 ms MarkObjects: 4.249600 ms  DeleteObjects: 0.219200 ms)

========================================================================
Received Import Request.
  Time since last request: 2156.833706 seconds.
  path: Assets/Scripts/NetworkManager.cs
  artifactKey: Guid(0db78f6e40dd45146b235c240a40e99a) Importer(815301076,1909f56bfc062723c751e8b465ee728b)
Start importing Assets/Scripts/NetworkManager.cs using Guid(0db78f6e40dd45146b235c240a40e99a) Importer(815301076,1909f56bfc062723c751e8b465ee728b)  -> (artifact id: '427c19d6b9a5c20fc2cc5b9c73eecd53') in 0.041191 seconds
  Import took 0.046962 seconds .

========================================================================
Received Prepare
Registering precompiled user dll's ...
Registered in 0.002187 seconds.
Begin MonoManager ReloadAssembly
Native extension for WindowsStandalone target not found
Refreshing native plugins compatible for Editor in 0.44 ms, found 1 plugins.
Preloading 0 native plugins for Editor in 0.00 ms.
Mono: successfully reloaded assembly
- Completed reload, in  2.516 seconds
Platform modules already initialized, skipping
Refreshing native plugins compatible for Editor in 0.74 ms, found 1 plugins.
Preloading 0 native plugins for Editor in 0.00 ms.
Unloading 1807 Unused Serialized files (Serialized files now loaded: 0)
System memory in use before: 85.1 MB.
System memory in use after: 85.1 MB.

Unloading 12 unused Assets to reduce memory usage. Loaded Objects now: 2278.
Total: 2.629800 ms (FindLiveObjects: 0.223500 ms CreateObjectMapping: 0.100000 ms MarkObjects: 2.167400 ms  DeleteObjects: 0.137100 ms)

========================================================================
Received Prepare
Registering precompiled user dll's ...
Registered in 0.002392 seconds.
Begin MonoManager ReloadAssembly
Native extension for WindowsStandalone target not found
Refreshing native plugins compatible for Editor in 0.47 ms, found 1 plugins.
Preloading 0 native plugins for Editor in 0.00 ms.
Mono: successfully reloaded assembly
- Completed reload, in  1.406 seconds
Platform modules already initialized, skipping
Refreshing native plugins compatible for Editor in 0.73 ms, found 1 plugins.
Preloading 0 native plugins for Editor in 0.00 ms.
Unloading 1807 Unused Serialized files (Serialized files now loaded: 0)
System memory in use before: 85.1 MB.
System memory in use after: 85.1 MB.

Unloading 12 unused Assets to reduce memory usage. Loaded Objects now: 2282.
Total: 2.860500 ms (FindLiveObjects: 0.291300 ms CreateObjectMapping: 0.099000 ms MarkObjects: 2.322900 ms  DeleteObjects: 0.145700 ms)

========================================================================
Received Import Request.
  Time since last request: 172.377930 seconds.
  path: Assets/Scripts/NetworkManager.cs
  artifactKey: Guid(0db78f6e40dd45146b235c240a40e99a) Importer(815301076,1909f56bfc062723c751e8b465ee728b)
Start importing Assets/Scripts/NetworkManager.cs using Guid(0db78f6e40dd45146b235c240a40e99a) Importer(815301076,1909f56bfc062723c751e8b465ee728b)  -> (artifact id: 'c9b182cbb19e5a8e297762833940247f') in 0.008139 seconds
  Import took 0.012681 seconds .

========================================================================
Received Prepare
Registering precompiled user dll's ...
Registered in 0.001288 seconds.
Begin MonoManager ReloadAssembly
Native extension for WindowsStandalone target not found
Refreshing native plugins compatible for Editor in 0.48 ms, found 1 plugins.
Preloading 0 native plugins for Editor in 0.00 ms.
Mono: successfully reloaded assembly
- Completed reload, in  1.269 seconds
Platform modules already initialized, skipping
Refreshing native plugins compatible for Editor in 0.77 ms, found 1 plugins.
Preloading 0 native plugins for Editor in 0.00 ms.
Unloading 1807 Unused Serialized files (Serialized files now loaded: 0)
System memory in use before: 85.1 MB.
System memory in use after: 85.1 MB.

Unloading 12 unused Assets to reduce memory usage. Loaded Objects now: 2286.
Total: 2.845600 ms (FindLiveObjects: 0.299900 ms CreateObjectMapping: 0.210300 ms MarkObjects: 2.124800 ms  DeleteObjects: 0.208800 ms)

========================================================================
Received Prepare
Registering precompiled user dll's ...
Registered in 0.001354 seconds.
Begin MonoManager ReloadAssembly
Native extension for WindowsStandalone target not found
Refreshing native plugins compatible for Editor in 0.44 ms, found 1 plugins.
Preloading 0 native plugins for Editor in 0.00 ms.
Mono: successfully reloaded assembly
- Completed reload, in  1.398 seconds
Platform modules already initialized, skipping
Refreshing native plugins compatible for Editor in 0.78 ms, found 1 plugins.
Preloading 0 native plugins for Editor in 0.00 ms.
Unloading 1807 Unused Serialized files (Serialized files now loaded: 0)
System memory in use before: 85.1 MB.
System memory in use after: 85.1 MB.

Unloading 12 unused Assets to reduce memory usage. Loaded Objects now: 2290.
Total: 3.040400 ms (FindLiveObjects: 0.290900 ms CreateObjectMapping: 0.197500 ms MarkObjects: 2.417300 ms  DeleteObjects: 0.133400 ms)

========================================================================
Received Import Request.
  Time since last request: 191.899120 seconds.
  path: Assets/Scripts/NetworkManager.cs
  artifactKey: Guid(0db78f6e40dd45146b235c240a40e99a) Importer(815301076,1909f56bfc062723c751e8b465ee728b)
Start importing Assets/Scripts/NetworkManager.cs using Guid(0db78f6e40dd45146b235c240a40e99a) Importer(815301076,1909f56bfc062723c751e8b465ee728b)  -> (artifact id: 'e3bbe1eb05132c50e7c0e71ba603f89f') in 0.010522 seconds
  Import took 0.014765 seconds .

========================================================================
Received Prepare
Registering precompiled user dll's ...
Registered in 0.002855 seconds.
Begin MonoManager ReloadAssembly
Native extension for WindowsStandalone target not found
Refreshing native plugins compatible for Editor in 0.47 ms, found 1 plugins.
Preloading 0 native plugins for Editor in 0.00 ms.
Mono: successfully reloaded assembly
- Completed reload, in  1.404 seconds
Platform modules already initialized, skipping
Refreshing native plugins compatible for Editor in 1.54 ms, found 1 plugins.
Preloading 0 native plugins for Editor in 0.00 ms.
Unloading 1807 Unused Serialized files (Serialized files now loaded: 0)
System memory in use before: 85.1 MB.
System memory in use after: 85.1 MB.

Unloading 12 unused Assets to reduce memory usage. Loaded Objects now: 2294.
Total: 3.169300 ms (FindLiveObjects: 0.308400 ms CreateObjectMapping: 0.196200 ms MarkObjects: 2.493600 ms  DeleteObjects: 0.167300 ms)

========================================================================
Received Prepare
Registering precompiled user dll's ...
Registered in 0.002047 seconds.
Begin MonoManager ReloadAssembly
Native extension for WindowsStandalone target not found
Refreshing native plugins compatible for Editor in 0.50 ms, found 1 plugins.
Preloading 0 native plugins for Editor in 0.00 ms.
Mono: successfully reloaded assembly
- Completed reload, in  1.773 seconds
Platform modules already initialized, skipping
Refreshing native plugins compatible for Editor in 0.88 ms, found 1 plugins.
Preloading 0 native plugins for Editor in 0.00 ms.
Unloading 1807 Unused Serialized files (Serialized files now loaded: 0)
System memory in use before: 85.1 MB.
System memory in use after: 85.1 MB.

Unloading 12 unused Assets to reduce memory usage. Loaded Objects now: 2298.
Total: 3.292400 ms (FindLiveObjects: 0.326300 ms CreateObjectMapping: 0.250100 ms MarkObjects: 2.568800 ms  DeleteObjects: 0.145600 ms)

========================================================================
Received Prepare
Registering precompiled user dll's ...
Registered in 0.001728 seconds.
Begin MonoManager ReloadAssembly
Native extension for WindowsStandalone target not found
Refreshing native plugins compatible for Editor in 0.44 ms, found 1 plugins.
Preloading 0 native plugins for Editor in 0.00 ms.
Mono: successfully reloaded assembly
- Completed reload, in  1.257 seconds
Platform modules already initialized, skipping
Refreshing native plugins compatible for Editor in 1.09 ms, found 1 plugins.
Preloading 0 native plugins for Editor in 0.00 ms.
Unloading 1807 Unused Serialized files (Serialized files now loaded: 0)
System memory in use before: 85.1 MB.
System memory in use after: 85.1 MB.

Unloading 12 unused Assets to reduce memory usage. Loaded Objects now: 2302.
Total: 3.140700 ms (FindLiveObjects: 0.340300 ms CreateObjectMapping: 0.216200 ms MarkObjects: 2.440000 ms  DeleteObjects: 0.142600 ms)

========================================================================
Received Import Request.
  Time since last request: 84.433923 seconds.
  path: Assets/Scripts/NetworkManager.cs
  artifactKey: Guid(0db78f6e40dd45146b235c240a40e99a) Importer(815301076,1909f56bfc062723c751e8b465ee728b)
Start importing Assets/Scripts/NetworkManager.cs using Guid(0db78f6e40dd45146b235c240a40e99a) Importer(815301076,1909f56bfc062723c751e8b465ee728b)  -> (artifact id: '99f1e1cdd5e34118eedc8bf79e41695f') in 0.008034 seconds
  Import took 0.013273 seconds .

AssetImportWorkerClient::OnTransportError - code=2 error=End of file
